2025-12-18 10:16:20 | INFO | === 开始绘制：筛选 + 散点 + 边际柱状图（X/Y对换） ===
2025-12-18 10:16:20 | INFO | 筛选后数据点: 59/100 (59.00%)  [条件：nM 90–100 且 pLDDT 0–10]
2025-12-18 10:16:21 | INFO | 已生成图像: c_chain_plddt_vs_netmhc_scatter_with_marginals_filtered_pepPPOdenovo_flipped.png
2025-12-18 10:16:21 | INFO | 日志文件: C_chain_plddt_vs_netmhc_with_marginals_filtered_flipped.log
2025-12-18 10:16:21 | INFO | === 完成 ===
2025-12-18 10:18:01 | INFO | === 开始绘制：筛选 + 散点 + 边际柱状图（X/Y对换） ===
2025-12-18 10:18:01 | INFO | 筛选后数据点: 59/100 (59.00%)  [条件：nM 90–100 且 pLDDT 0–10]
2025-12-18 10:18:02 | INFO | 已生成图像: c_chain_plddt_vs_netmhc_scatter_with_marginals_filtered_pepPPOdenovo_flipped.png
2025-12-18 10:18:02 | INFO | 日志文件: C_chain_plddt_vs_netmhc_with_marginals_filtered_flipped.log
2025-12-18 10:18:02 | INFO | === 完成 ===
2025-12-18 10:18:27 | INFO | === 开始绘制：筛选 + 散点 + 边际柱状图（X/Y对换） ===
2025-12-18 10:18:27 | INFO | 筛选后数据点: 59/100 (59.00%)  [条件：nM 90–100 且 pLDDT 0–10]
2025-12-18 10:18:27 | INFO | 已生成图像: c_chain_plddt_vs_netmhc_scatter_with_marginals_filtered_pepPPOdenovo_flipped.png
2025-12-18 10:18:27 | INFO | 日志文件: C_chain_plddt_vs_netmhc_with_marginals_filtered_flipped.log
2025-12-18 10:18:27 | INFO | === 完成 ===
2025-12-18 10:18:50 | INFO | === 开始绘制：筛选 + 散点 + 边际柱状图（X/Y对换） ===
2025-12-18 10:18:50 | INFO | 筛选后数据点: 59/100 (59.00%)  [条件：nM 90–100 且 pLDDT 0–10]
2025-12-18 10:18:51 | INFO | 已生成图像: c_chain_plddt_vs_netmhc_scatter_with_marginals_filtered_pepPPOdenovo_flipped.png
2025-12-18 10:18:51 | INFO | 日志文件: C_chain_plddt_vs_netmhc_with_marginals_filtered_flipped.log
2025-12-18 10:18:51 | INFO | === 完成 ===
2025-12-18 10:19:21 | INFO | === 开始绘制：筛选 + 散点 + 边际柱状图（X/Y对换） ===
2025-12-18 10:19:21 | INFO | 筛选后数据点: 59/100 (59.00%)  [条件：nM 90–100 且 pLDDT 0–10]
2025-12-18 10:19:22 | INFO | 已生成图像: c_chain_plddt_vs_netmhc_scatter_with_marginals_filtered_pepPPOdenovo_flipped.png
2025-12-18 10:19:22 | INFO | 日志文件: C_chain_plddt_vs_netmhc_with_marginals_filtered_flipped.log
2025-12-18 10:19:22 | INFO | === 完成 ===
