2025-12-07 15:16:01 | INFO | === 开始绘制：筛选 + 散点 + 边际柱状图 ===
2025-12-07 15:16:01 | INFO | 筛选后数据点: 59/100 (59.00%)  [条件：pLDDT 90–100 且 nM 0–10]
2025-12-07 15:16:01 | INFO | 已生成图像: c_chain_plddt_vs_netmhc_scatter_with_marginals_filtered_pepPPOdenovo.png
2025-12-07 15:16:01 | INFO | 日志文件: C_chain_plddt_vs_netmhc_with_marginals_filtered_pepPPOdenovo.log
2025-12-07 15:16:01 | INFO | === 完成 ===
2025-12-07 15:18:11 | INFO | === 开始绘制：筛选 + 散点 + 边际柱状图 ===
2025-12-07 15:18:11 | INFO | 筛选后数据点: 59/100 (59.00%)  [条件：pLDDT 90–100 且 nM 0–10]
2025-12-07 15:18:11 | INFO | 已生成图像: c_chain_plddt_vs_netmhc_scatter_with_marginals_filtered_pepPPOdenovo.png
2025-12-07 15:18:11 | INFO | 日志文件: C_chain_plddt_vs_netmhc_with_marginals_filtered_pepPPOdenovo.log
2025-12-07 15:18:11 | INFO | === 完成 ===
2025-12-07 15:24:41 | INFO | === 开始绘制：筛选 + 散点 + 边际柱状图 ===
2025-12-07 15:24:41 | INFO | 筛选后数据点: 59/100 (59.00%)  [条件：pLDDT 90–100 且 nM 0–10]
2025-12-07 15:24:41 | INFO | 已生成图像: c_chain_plddt_vs_netmhc_scatter_with_marginals_filtered_pepPPOdenovo.png
2025-12-07 15:24:41 | INFO | 
============================================================
阈值范围内数据点统计信息 (n=59):
============================================================
c_chain_atom_plddts_mean (横轴 X):
  - 平均值: 94.8184
  - 标准差: 1.1083
  - 标准误差: 0.1443

netmhc_nM (纵轴 Y):
  - 平均值: 4.7407
  - 标准差: 1.8315
  - 标准误差: 0.2384
============================================================

2025-12-07 15:24:41 | INFO | 日志文件: C_chain_plddt_vs_netmhc_with_marginals_filtered_pepPPOdenovo.log
2025-12-07 15:24:41 | INFO | === 完成 ===
2025-12-18 10:03:05 | INFO | === 开始绘制：筛选 + 散点 + 边际柱状图 ===
2025-12-18 10:03:05 | INFO | 筛选后数据点: 59/100 (59.00%)  [条件：pLDDT 90–100 且 nM 0–10]
2025-12-18 10:03:06 | INFO | 已生成图像: c_chain_plddt_vs_netmhc_scatter_with_marginals_filtered_pepPPOdenovo_new.png
2025-12-18 10:03:06 | INFO | 
============================================================
阈值范围内数据点统计信息 (n=59):
============================================================
c_chain_atom_plddts_mean (横轴 X):
  - 平均值: 94.8184
  - 标准差: 1.1083
  - 标准误差: 0.1443

netmhc_nM (纵轴 Y):
  - 平均值: 4.7407
  - 标准差: 1.8315
  - 标准误差: 0.2384
============================================================

2025-12-18 10:03:06 | INFO | 日志文件: C_chain_plddt_vs_netmhc_with_marginals_filtered_pepPPOdenovo.log
2025-12-18 10:03:06 | INFO | === 完成 ===
2025-12-18 10:20:10 | INFO | === 开始绘制：筛选 + 散点 + 边际柱状图 ===
2025-12-18 10:20:10 | INFO | 筛选后数据点: 59/100 (59.00%)  [条件：pLDDT 90–100 且 nM 0–10]
2025-12-18 10:20:10 | INFO | 已生成图像: c_chain_plddt_vs_netmhc_scatter_with_marginals_filtered_pepPPOdenovo_new.png
2025-12-18 10:20:10 | INFO | 
============================================================
阈值范围内数据点统计信息 (n=59):
============================================================
c_chain_atom_plddts_mean (横轴 X):
  - 平均值: 94.8184
  - 标准差: 1.1083
  - 标准误差: 0.1443

netmhc_nM (纵轴 Y):
  - 平均值: 4.7407
  - 标准差: 1.8315
  - 标准误差: 0.2384
============================================================

2025-12-18 10:20:10 | INFO | 日志文件: C_chain_plddt_vs_netmhc_with_marginals_filtered_pepPPOdenovo.log
2025-12-18 10:20:10 | INFO | === 完成 ===
2025-12-18 10:21:02 | INFO | === 开始绘制：筛选 + 散点 + 边际柱状图 ===
2025-12-18 10:21:02 | INFO | 筛选后数据点: 59/100 (59.00%)  [条件：pLDDT 90–100 且 nM 0–10]
2025-12-18 10:21:03 | INFO | 已生成图像: c_chain_plddt_vs_netmhc_scatter_with_marginals_filtered_pepPPOdenovo_new.png
2025-12-18 10:21:03 | INFO | 
============================================================
阈值范围内数据点统计信息 (n=59):
============================================================
c_chain_atom_plddts_mean (横轴 X):
  - 平均值: 94.8184
  - 标准差: 1.1083
  - 标准误差: 0.1443

netmhc_nM (纵轴 Y):
  - 平均值: 4.7407
  - 标准差: 1.8315
  - 标准误差: 0.2384
============================================================

2025-12-18 10:21:03 | INFO | 日志文件: C_chain_plddt_vs_netmhc_with_marginals_filtered_pepPPOdenovo.log
2025-12-18 10:21:03 | INFO | === 完成 ===
2025-12-18 10:21:28 | INFO | === 开始绘制：筛选 + 散点 + 边际柱状图 ===
2025-12-18 10:21:28 | INFO | 筛选后数据点: 59/100 (59.00%)  [条件：pLDDT 90–100 且 nM 0–10]
2025-12-18 10:21:28 | INFO | 已生成图像: c_chain_plddt_vs_netmhc_scatter_with_marginals_filtered_pepPPOdenovo_new.png
2025-12-18 10:21:28 | INFO | 
============================================================
阈值范围内数据点统计信息 (n=59):
============================================================
c_chain_atom_plddts_mean (横轴 X):
  - 平均值: 94.8184
  - 标准差: 1.1083
  - 标准误差: 0.1443

netmhc_nM (纵轴 Y):
  - 平均值: 4.7407
  - 标准差: 1.8315
  - 标准误差: 0.2384
============================================================

2025-12-18 10:21:28 | INFO | 日志文件: C_chain_plddt_vs_netmhc_with_marginals_filtered_pepPPOdenovo.log
2025-12-18 10:21:28 | INFO | === 完成 ===
2025-12-18 10:21:51 | INFO | === 开始绘制：筛选 + 散点 + 边际柱状图 ===
2025-12-18 10:21:51 | INFO | 筛选后数据点: 59/100 (59.00%)  [条件：pLDDT 90–100 且 nM 0–10]
2025-12-18 10:21:52 | INFO | 已生成图像: c_chain_plddt_vs_netmhc_scatter_with_marginals_filtered_pepPPOdenovo_new.png
2025-12-18 10:21:52 | INFO | 
============================================================
阈值范围内数据点统计信息 (n=59):
============================================================
c_chain_atom_plddts_mean (横轴 X):
  - 平均值: 94.8184
  - 标准差: 1.1083
  - 标准误差: 0.1443

netmhc_nM (纵轴 Y):
  - 平均值: 4.7407
  - 标准差: 1.8315
  - 标准误差: 0.2384
============================================================

2025-12-18 10:21:52 | INFO | 日志文件: C_chain_plddt_vs_netmhc_with_marginals_filtered_pepPPOdenovo.log
2025-12-18 10:21:52 | INFO | === 完成 ===
2025-12-18 10:22:17 | INFO | === 开始绘制：筛选 + 散点 + 边际柱状图 ===
2025-12-18 10:22:17 | INFO | 筛选后数据点: 59/100 (59.00%)  [条件：pLDDT 90–100 且 nM 0–10]
2025-12-18 10:22:18 | INFO | 已生成图像: c_chain_plddt_vs_netmhc_scatter_with_marginals_filtered_pepPPOdenovo_new.png
2025-12-18 10:22:18 | INFO | 
============================================================
阈值范围内数据点统计信息 (n=59):
============================================================
c_chain_atom_plddts_mean (横轴 X):
  - 平均值: 94.8184
  - 标准差: 1.1083
  - 标准误差: 0.1443

netmhc_nM (纵轴 Y):
  - 平均值: 4.7407
  - 标准差: 1.8315
  - 标准误差: 0.2384
============================================================

2025-12-18 10:22:18 | INFO | 日志文件: C_chain_plddt_vs_netmhc_with_marginals_filtered_pepPPOdenovo.log
2025-12-18 10:22:18 | INFO | === 完成 ===
