2025-10-14 22:20:01 | INFO | === ЛцжЦЩИбЁАцЩЂЕу + БпМЪжљзДЭМ ===
2025-10-14 22:20:01 | ERROR | ЮДевЕНЪфШыЮФМўЃКc_chain_atom_plddts_alphavaccdenovo.csv
2025-10-14 22:20:17 | INFO | === ЛцжЦЩИбЁАцЩЂЕу + БпМЪжљзДЭМ ===
2025-10-14 22:20:17 | INFO | ЩИбЁКѓЪ§ОнЕу: 97 / 100 (97.00%)
2025-10-14 22:20:17 | INFO | Fontsize 0.00 < 1.0 pt not allowed by FreeType. Setting fontsize = 1 pt
2025-10-14 22:20:17 | INFO | Fontsize 0.00 < 1.0 pt not allowed by FreeType. Setting fontsize = 1 pt
2025-10-14 22:20:17 | INFO | Fontsize 0.00 < 1.0 pt not allowed by FreeType. Setting fontsize = 1 pt
2025-10-14 22:20:17 | INFO | Fontsize 0.00 < 1.0 pt not allowed by FreeType. Setting fontsize = 1 pt
2025-10-14 22:20:17 | INFO | Fontsize 0.00 < 1.0 pt not allowed by FreeType. Setting fontsize = 1 pt
2025-10-14 22:20:17 | INFO | Fontsize 0.00 < 1.0 pt not allowed by FreeType. Setting fontsize = 1 pt
2025-10-14 22:20:17 | INFO | Fontsize 0.00 < 1.0 pt not allowed by FreeType. Setting fontsize = 1 pt
2025-10-14 22:20:17 | INFO | Fontsize 0.00 < 1.0 pt not allowed by FreeType. Setting fontsize = 1 pt
2025-10-14 22:20:17 | INFO | Fontsize 0.00 < 1.0 pt not allowed by FreeType. Setting fontsize = 1 pt
2025-10-14 22:20:17 | INFO | Fontsize 0.00 < 1.0 pt not allowed by FreeType. Setting fontsize = 1 pt
2025-10-14 22:20:17 | INFO | Fontsize 0.00 < 1.0 pt not allowed by FreeType. Setting fontsize = 1 pt
2025-10-14 22:20:17 | INFO | Fontsize 0.00 < 1.0 pt not allowed by FreeType. Setting fontsize = 1 pt
2025-10-14 22:20:17 | INFO | Fontsize 0.00 < 1.0 pt not allowed by FreeType. Setting fontsize = 1 pt
2025-10-14 22:20:17 | INFO | Fontsize 0.00 < 1.0 pt not allowed by FreeType. Setting fontsize = 1 pt
2025-10-14 22:20:17 | INFO | Fontsize 0.00 < 1.0 pt not allowed by FreeType. Setting fontsize = 1 pt
2025-10-14 22:20:17 | INFO | Fontsize 0.00 < 1.0 pt not allowed by FreeType. Setting fontsize = 1 pt
2025-10-14 22:20:17 | INFO | Fontsize 0.00 < 1.0 pt not allowed by FreeType. Setting fontsize = 1 pt
2025-10-14 22:20:17 | INFO | Fontsize 0.00 < 1.0 pt not allowed by FreeType. Setting fontsize = 1 pt
2025-10-14 22:20:17 | INFO | Fontsize 0.00 < 1.0 pt not allowed by FreeType. Setting fontsize = 1 pt
2025-10-14 22:20:17 | INFO | Fontsize 0.00 < 1.0 pt not allowed by FreeType. Setting fontsize = 1 pt
2025-10-14 22:20:17 | INFO | Fontsize 0.00 < 1.0 pt not allowed by FreeType. Setting fontsize = 1 pt
2025-10-14 22:20:17 | INFO | Fontsize 0.00 < 1.0 pt not allowed by FreeType. Setting fontsize = 1 pt
2025-10-14 22:20:17 | INFO | Fontsize 0.00 < 1.0 pt not allowed by FreeType. Setting fontsize = 1 pt
2025-10-14 22:20:17 | INFO | Fontsize 0.00 < 1.0 pt not allowed by FreeType. Setting fontsize = 1 pt
2025-10-14 22:20:17 | INFO | вбЩњГЩЭМЯё: c_chain_plddt_vs_netmhc_scatter_filtered_marginals_alphavaccMCTSdenovo.png
2025-10-14 22:20:17 | INFO | === ЭъГЩ ===
